[2024-08-02 13:03:57] production.ERROR: Database file at path [C:\Users\Fe Adornado\Downloads\github\twice\laravel\database\database.sqlite] does not exist. Ensure this is an absolute path to the database. (Connection: sqlite, SQL: select name from sqlite_master where type = 'table' and name not like 'sqlite_%' order by name) {"exception":"[object] (Illuminate\\Database\\QueryException(code: 0): Database file at path [C:\\Users\\Fe Adornado\\Downloads\\github\\twice\\laravel\\database\\database.sqlite] does not exist. Ensure this is an absolute path to the database. (Connection: sqlite, SQL: select name from sqlite_master where type = 'table' and name not like 'sqlite_%' order by name) at C:\\Users\\Fe Adornado\\Downloads\\github\\twice\\laravel\\vendor\\laravel\\framework\\src\\Illuminate\\Database\\Connection.php:813)
[stacktrace]
#0 C:\\Users\\Fe Adornado\\Downloads\\github\\twice\\laravel\\vendor\\laravel\\framework\\src\\Illuminate\\Database\\Connection.php(767): Illuminate\\Database\\Connection->runQueryCallback()
#1 C:\\Users\\Fe Adornado\\Downloads\\github\\twice\\laravel\\vendor\\laravel\\framework\\src\\Illuminate\\Database\\Connection.php(398): Illuminate\\Database\\Connection->run()
#2 C:\\Users\\Fe Adornado\\Downloads\\github\\twice\\laravel\\vendor\\laravel\\framework\\src\\Illuminate\\Database\\Connection.php(385): Illuminate\\Database\\Connection->select()
#3 C:\\Users\\Fe Adornado\\Downloads\\github\\twice\\laravel\\vendor\\laravel\\framework\\src\\Illuminate\\Database\\Schema\\SQLiteBuilder.php(51): Illuminate\\Database\\Connection->selectFromWriteConnection()
#4 C:\\Users\\Fe Adornado\\Downloads\\github\\twice\\laravel\\vendor\\laravel\\framework\\src\\Illuminate\\Database\\Schema\\Builder.php(147): Illuminate\\Database\\Schema\\SQLiteBuilder->getTables()
#5 C:\\Users\\Fe Adornado\\Downloads\\github\\twice\\laravel\\vendor\\laravel\\framework\\src\\Illuminate\\Database\\Migrations\\DatabaseMigrationRepository.php(184): Illuminate\\Database\\Schema\\Builder->hasTable()
#6 C:\\Users\\Fe Adornado\\Downloads\\github\\twice\\laravel\\vendor\\laravel\\framework\\src\\Illuminate\\Database\\Migrations\\Migrator.php(680): Illuminate\\Database\\Migrations\\DatabaseMigrationRepository->repositoryExists()
#7 C:\\Users\\Fe Adornado\\Downloads\\github\\twice\\laravel\\vendor\\laravel\\framework\\src\\Illuminate\\Database\\Console\\Migrations\\FreshCommand.php(68): Illuminate\\Database\\Migrations\\Migrator->repositoryExists()
#8 C:\\Users\\Fe Adornado\\Downloads\\github\\twice\\laravel\\vendor\\laravel\\framework\\src\\Illuminate\\Database\\Migrations\\Migrator.php(615): Illuminate\\Database\\Console\\Migrations\\FreshCommand->Illuminate\\Database\\Console\\Migrations\\{closure}()
#9 C:\\Users\\Fe Adornado\\Downloads\\github\\twice\\laravel\\vendor\\laravel\\framework\\src\\Illuminate\\Database\\Console\\Migrations\\FreshCommand.php(67): Illuminate\\Database\\Migrations\\Migrator->usingConnection()
#10 C:\\Users\\Fe Adornado\\Downloads\\github\\twice\\laravel\\vendor\\laravel\\framework\\src\\Illuminate\\Container\\BoundMethod.php(36): Illuminate\\Database\\Console\\Migrations\\FreshCommand->handle()
#11 C:\\Users\\Fe Adornado\\Downloads\\github\\twice\\laravel\\vendor\\laravel\\framework\\src\\Illuminate\\Container\\Util.php(41): Illuminate\\Container\\BoundMethod::Illuminate\\Container\\{closure}()
#12 C:\\Users\\Fe Adornado\\Downloads\\github\\twice\\laravel\\vendor\\laravel\\framework\\src\\Illuminate\\Container\\BoundMethod.php(93): Illuminate\\Container\\Util::unwrapIfClosure()
#13 C:\\Users\\Fe Adornado\\Downloads\\github\\twice\\laravel\\vendor\\laravel\\framework\\src\\Illuminate\\Container\\BoundMethod.php(35): Illuminate\\Container\\BoundMethod::callBoundMethod()
#14 C:\\Users\\Fe Adornado\\Downloads\\github\\twice\\laravel\\vendor\\laravel\\framework\\src\\Illuminate\\Container\\Container.php(690): Illuminate\\Container\\BoundMethod::call()
#15 C:\\Users\\Fe Adornado\\Downloads\\github\\twice\\laravel\\vendor\\laravel\\framework\\src\\Illuminate\\Console\\Command.php(213): Illuminate\\Container\\Container->call()
#16 C:\\Users\\Fe Adornado\\Downloads\\github\\twice\\laravel\\vendor\\symfony\\console\\Command\\Command.php(279): Illuminate\\Console\\Command->execute()
#17 C:\\Users\\Fe Adornado\\Downloads\\github\\twice\\laravel\\vendor\\laravel\\framework\\src\\Illuminate\\Console\\Command.php(182): Symfony\\Component\\Console\\Command\\Command->run()
#18 C:\\Users\\Fe Adornado\\Downloads\\github\\twice\\laravel\\vendor\\symfony\\console\\Application.php(1047): Illuminate\\Console\\Command->run()
#19 C:\\Users\\Fe Adornado\\Downloads\\github\\twice\\laravel\\vendor\\symfony\\console\\Application.php(316): Symfony\\Component\\Console\\Application->doRunCommand()
#20 C:\\Users\\Fe Adornado\\Downloads\\github\\twice\\laravel\\vendor\\symfony\\console\\Application.php(167): Symfony\\Component\\Console\\Application->doRun()
#21 C:\\Users\\Fe Adornado\\Downloads\\github\\twice\\laravel\\vendor\\laravel\\framework\\src\\Illuminate\\Foundation\\Console\\Kernel.php(197): Symfony\\Component\\Console\\Application->run()
#22 C:\\Users\\Fe Adornado\\Downloads\\github\\twice\\laravel\\vendor\\laravel\\framework\\src\\Illuminate\\Foundation\\Application.php(1203): Illuminate\\Foundation\\Console\\Kernel->handle()
#23 C:\\Users\\Fe Adornado\\Downloads\\github\\twice\\laravel\\artisan(13): Illuminate\\Foundation\\Application->handleCommand()
#24 {main}

[previous exception] [object] (Illuminate\\Database\\SQLiteDatabaseDoesNotExistException(code: 0): Database file at path [C:\\Users\\Fe Adornado\\Downloads\\github\\twice\\laravel\\database\\database.sqlite] does not exist. Ensure this is an absolute path to the database. at C:\\Users\\Fe Adornado\\Downloads\\github\\twice\\laravel\\vendor\\laravel\\framework\\src\\Illuminate\\Database\\Connectors\\SQLiteConnector.php:34)
[stacktrace]
#0 C:\\Users\\Fe Adornado\\Downloads\\github\\twice\\laravel\\vendor\\laravel\\framework\\src\\Illuminate\\Database\\Connectors\\ConnectionFactory.php(222): Illuminate\\Database\\Connectors\\SQLiteConnector->connect()
#1 [internal function]: Illuminate\\Database\\Connectors\\ConnectionFactory->Illuminate\\Database\\Connectors\\{closure}()
#2 C:\\Users\\Fe Adornado\\Downloads\\github\\twice\\laravel\\vendor\\laravel\\framework\\src\\Illuminate\\Database\\Connection.php(1219): call_user_func()
#3 C:\\Users\\Fe Adornado\\Downloads\\github\\twice\\laravel\\vendor\\laravel\\framework\\src\\Illuminate\\Database\\Connection.php(512): Illuminate\\Database\\Connection->getPdo()
#4 C:\\Users\\Fe Adornado\\Downloads\\github\\twice\\laravel\\vendor\\laravel\\framework\\src\\Illuminate\\Database\\Connection.php(407): Illuminate\\Database\\Connection->getPdoForSelect()
#5 C:\\Users\\Fe Adornado\\Downloads\\github\\twice\\laravel\\vendor\\laravel\\framework\\src\\Illuminate\\Database\\Connection.php(800): Illuminate\\Database\\Connection->Illuminate\\Database\\{closure}()
#6 C:\\Users\\Fe Adornado\\Downloads\\github\\twice\\laravel\\vendor\\laravel\\framework\\src\\Illuminate\\Database\\Connection.php(767): Illuminate\\Database\\Connection->runQueryCallback()
#7 C:\\Users\\Fe Adornado\\Downloads\\github\\twice\\laravel\\vendor\\laravel\\framework\\src\\Illuminate\\Database\\Connection.php(398): Illuminate\\Database\\Connection->run()
#8 C:\\Users\\Fe Adornado\\Downloads\\github\\twice\\laravel\\vendor\\laravel\\framework\\src\\Illuminate\\Database\\Connection.php(385): Illuminate\\Database\\Connection->select()
#9 C:\\Users\\Fe Adornado\\Downloads\\github\\twice\\laravel\\vendor\\laravel\\framework\\src\\Illuminate\\Database\\Schema\\SQLiteBuilder.php(51): Illuminate\\Database\\Connection->selectFromWriteConnection()
#10 C:\\Users\\Fe Adornado\\Downloads\\github\\twice\\laravel\\vendor\\laravel\\framework\\src\\Illuminate\\Database\\Schema\\Builder.php(147): Illuminate\\Database\\Schema\\SQLiteBuilder->getTables()
#11 C:\\Users\\Fe Adornado\\Downloads\\github\\twice\\laravel\\vendor\\laravel\\framework\\src\\Illuminate\\Database\\Migrations\\DatabaseMigrationRepository.php(184): Illuminate\\Database\\Schema\\Builder->hasTable()
#12 C:\\Users\\Fe Adornado\\Downloads\\github\\twice\\laravel\\vendor\\laravel\\framework\\src\\Illuminate\\Database\\Migrations\\Migrator.php(680): Illuminate\\Database\\Migrations\\DatabaseMigrationRepository->repositoryExists()
#13 C:\\Users\\Fe Adornado\\Downloads\\github\\twice\\laravel\\vendor\\laravel\\framework\\src\\Illuminate\\Database\\Console\\Migrations\\FreshCommand.php(68): Illuminate\\Database\\Migrations\\Migrator->repositoryExists()
#14 C:\\Users\\Fe Adornado\\Downloads\\github\\twice\\laravel\\vendor\\laravel\\framework\\src\\Illuminate\\Database\\Migrations\\Migrator.php(615): Illuminate\\Database\\Console\\Migrations\\FreshCommand->Illuminate\\Database\\Console\\Migrations\\{closure}()
#15 C:\\Users\\Fe Adornado\\Downloads\\github\\twice\\laravel\\vendor\\laravel\\framework\\src\\Illuminate\\Database\\Console\\Migrations\\FreshCommand.php(67): Illuminate\\Database\\Migrations\\Migrator->usingConnection()
#16 C:\\Users\\Fe Adornado\\Downloads\\github\\twice\\laravel\\vendor\\laravel\\framework\\src\\Illuminate\\Container\\BoundMethod.php(36): Illuminate\\Database\\Console\\Migrations\\FreshCommand->handle()
#17 C:\\Users\\Fe Adornado\\Downloads\\github\\twice\\laravel\\vendor\\laravel\\framework\\src\\Illuminate\\Container\\Util.php(41): Illuminate\\Container\\BoundMethod::Illuminate\\Container\\{closure}()
#18 C:\\Users\\Fe Adornado\\Downloads\\github\\twice\\laravel\\vendor\\laravel\\framework\\src\\Illuminate\\Container\\BoundMethod.php(93): Illuminate\\Container\\Util::unwrapIfClosure()
#19 C:\\Users\\Fe Adornado\\Downloads\\github\\twice\\laravel\\vendor\\laravel\\framework\\src\\Illuminate\\Container\\BoundMethod.php(35): Illuminate\\Container\\BoundMethod::callBoundMethod()
#20 C:\\Users\\Fe Adornado\\Downloads\\github\\twice\\laravel\\vendor\\laravel\\framework\\src\\Illuminate\\Container\\Container.php(690): Illuminate\\Container\\BoundMethod::call()
#21 C:\\Users\\Fe Adornado\\Downloads\\github\\twice\\laravel\\vendor\\laravel\\framework\\src\\Illuminate\\Console\\Command.php(213): Illuminate\\Container\\Container->call()
#22 C:\\Users\\Fe Adornado\\Downloads\\github\\twice\\laravel\\vendor\\symfony\\console\\Command\\Command.php(279): Illuminate\\Console\\Command->execute()
#23 C:\\Users\\Fe Adornado\\Downloads\\github\\twice\\laravel\\vendor\\laravel\\framework\\src\\Illuminate\\Console\\Command.php(182): Symfony\\Component\\Console\\Command\\Command->run()
#24 C:\\Users\\Fe Adornado\\Downloads\\github\\twice\\laravel\\vendor\\symfony\\console\\Application.php(1047): Illuminate\\Console\\Command->run()
#25 C:\\Users\\Fe Adornado\\Downloads\\github\\twice\\laravel\\vendor\\symfony\\console\\Application.php(316): Symfony\\Component\\Console\\Application->doRunCommand()
#26 C:\\Users\\Fe Adornado\\Downloads\\github\\twice\\laravel\\vendor\\symfony\\console\\Application.php(167): Symfony\\Component\\Console\\Application->doRun()
#27 C:\\Users\\Fe Adornado\\Downloads\\github\\twice\\laravel\\vendor\\laravel\\framework\\src\\Illuminate\\Foundation\\Console\\Kernel.php(197): Symfony\\Component\\Console\\Application->run()
#28 C:\\Users\\Fe Adornado\\Downloads\\github\\twice\\laravel\\vendor\\laravel\\framework\\src\\Illuminate\\Foundation\\Application.php(1203): Illuminate\\Foundation\\Console\\Kernel->handle()
#29 C:\\Users\\Fe Adornado\\Downloads\\github\\twice\\laravel\\artisan(13): Illuminate\\Foundation\\Application->handleCommand()
#30 {main}
"} 
